[LOG] System::create                           : Header version = 2.02.11. Current version = 2.02.11.
[LOG] Manager::init                            : maxchannels = 256 studioflags = 00000006 flags 00000000 extradriverdata 0000000000000000.
[LOG] SystemI::init                            : Initialize version=20211 (130436), maxchannels=256, flags=0x00020000
[LOG] SystemI::setOutputInternal               : Setting output to 'FMOD WASAPI Output'
[LOG] OutputWASAPI::init                       : Mix Format (WAVEFORMATEX): wFormatTag=0xFFFE, nChannels=4, nSamplesPerSec=44100, nAvgBytesPerSec=705600, nBlockAlign=16, wBitsPerSample=32, cbSize=22.
[LOG] OutputWASAPI::init                       : Mix Format (WAVEFORMATEXTENSIBLE): wValidBitsPerSample=32, dwChannelMask=0x00000033, SubFormat=00000003-0000-0010-8000-00AA00389B71.
[LOG] OutputWASAPI::init                       : Output buffer size: 3760 samples, latency: 0.00ms, period: 10.00ms, DSP buffer: 1024 * 4
[LOG] SystemI::init                            : Output requires a sample rate of 44100Hz, resampling will occur.
[LOG] DownMix::init                            : dspbuffersize: 1024  rate: 48000. output speaker mode: 4, input speaker mode 3
[LOG] DownMix::init                            : done.
[LOG] Thread::initThread                       : Init FMOD stream thread. Affinity: 0x4000000000000003, Priority: 0xFFFF7FFB, Stack Size: 98304, Semaphore: No, Sleep Time: 10, Looping: Yes.
[LOG] Thread::initThread                       : Init FMOD mixer thread. Affinity: 0x4000000000000001, Priority: 0xFFFF7FFA, Stack Size: 81920, Semaphore: No, Sleep Time: 0, Looping: Yes.
[LOG] AsyncManager::init                       : manager 000001BDBC390DD8 isAsync 0 updatePeriod 0.02
[LOG] AsyncManager::init                       : done
[LOG] PlaybackSystem::init                     : 
[LOG] Thread::initThread                       : Init FMOD Studio sample load thread. Affinity: 0x4000000000000003, Priority: 0xFFFF7FFD, Stack Size: 98304, Semaphore: No, Sleep Time: 1, Looping: No.
[LOG] PlaybackSystem::init                     : done
[LOG] Thread::initThread                       : Init FMOD Studio bank load thread. Affinity: 0x4000000000000003, Priority: 0xFFFF7FFD, Stack Size: 98304, Semaphore: No, Sleep Time: 1, Looping: No.
[LOG] Manager::init                            : done.
[LOG] Manager::readBank                        : fileversion = 142, compatVersion = 140 (oldest = 44, newest = 142)
[LOG] Manager::readBank                        : fileversion = 142, compatVersion = 140 (oldest = 44, newest = 142)
[LOG] PlaybackSystem::acquireMasterBus         : Setting master channel group format to 6
[LOG] Manager::readBank                        : fileversion = 142, compatVersion = 140 (oldest = 44, newest = 142)
[LOG] Manager::readBank                        : fileversion = 142, compatVersion = 140 (oldest = 44, newest = 142)
[LOG] Manager::readBank                        : fileversion = 142, compatVersion = 140 (oldest = 44, newest = 142)
[LOG] PlaybackSystem::acquireMasterBus         : Setting master channel group format to 6
[LOG] Manager::readBank                        : fileversion = 142, compatVersion = 140 (oldest = 44, newest = 142)
[LOG] SystemI::createSoundInternal             : Create name='', mode=0x02000202
[LOG] SystemI::createSoundInternal             : exinfo->cbsize             = 224
[LOG] SystemI::createSoundInternal             : exinfo->length             = 8747968
[LOG] SystemI::createSoundInternal             : exinfo->fileoffset         = 97984
[LOG] SystemI::createSoundInternal             : exinfo->numsubsounds       = 1
[LOG] SystemI::createSoundInternal             : exinfo->inclusionlist      = 0000004844DFF048
[LOG] SystemI::createSoundInternal             : exinfo->inclusionlistnum   = 1
[LOG] SystemI::createSoundInternal             : exinfo->suggestedsoundtype = 5
[LOG] SystemI::createSoundInternal             : exinfo->useropen           = 00007FF930873490
[LOG] SystemI::createSoundInternal             : exinfo->userclose          = 00007FF930873450
[LOG] SystemI::createSoundInternal             : exinfo->userread           = 00007FF930873570
[LOG] SystemI::createSoundInternal             : exinfo->userseek           = 00007FF930873630
[LOG] SystemI::createSoundInternal             : exinfo->fileuserdata       = 000001BD626D66A8
[LOG] SystemI::createSoundInternal             : exinfo->initialseekpostype = 1
[LOG] SystemI::DSPCodecPoolRegister            : register codec pool for pool type 5
[LOG] SystemI::createSoundInternal             : Sample 0/1: name='SoapBubble_1', format=5, channels=2, frequency=48000, lengthbytes=1536, lengthpcm=4208, pcmblocksize=0, loopstart=0, loopend=0, mode=0x00000000, channelmask=0x00000000, channelorder=0, peakvolume=0.463442.
[LOG] SystemI::createSoundInternal             : Create name='', mode=0x02000202
[LOG] SystemI::createSoundInternal             : exinfo->cbsize             = 224
[LOG] SystemI::createSoundInternal             : exinfo->length             = 8747968
[LOG] SystemI::createSoundInternal             : exinfo->fileoffset         = 97984
[LOG] SystemI::createSoundInternal             : exinfo->numsubsounds       = 1
[LOG] SystemI::createSoundInternal             : exinfo->inclusionlist      = 0000004844DFF048
[LOG] SystemI::createSoundInternal             : exinfo->inclusionlistnum   = 1
[LOG] SystemI::createSoundInternal             : exinfo->suggestedsoundtype = 5
[LOG] SystemI::createSoundInternal             : exinfo->useropen           = 00007FF930873490
[LOG] SystemI::createSoundInternal             : exinfo->userclose          = 00007FF930873450
[LOG] SystemI::createSoundInternal             : exinfo->userread           = 00007FF930873570
[LOG] SystemI::createSoundInternal             : exinfo->userseek           = 00007FF930873630
[LOG] SystemI::createSoundInternal             : exinfo->fileuserdata       = 000001BD626D66A8
[LOG] SystemI::createSoundInternal             : exinfo->initialseekpostype = 1
[LOG] SystemI::DSPCodecPoolRegister            : register codec pool for pool type 5
[LOG] SystemI::createSoundInternal             : Sample 0/1: name='SoapBubble_0', format=5, channels=2, frequency=48000, lengthbytes=1088, lengthpcm=4208, pcmblocksize=0, loopstart=0, loopend=0, mode=0x00000000, channelmask=0x00000000, channelorder=0, peakvolume=0.471837.
[LOG] SystemI::createSoundInternal             : Create name='', mode=0x02000202
[LOG] SystemI::createSoundInternal             : exinfo->cbsize             = 224
[LOG] SystemI::createSoundInternal             : exinfo->length             = 8747968
[LOG] SystemI::createSoundInternal             : exinfo->fileoffset         = 97984
[LOG] SystemI::createSoundInternal             : exinfo->numsubsounds       = 1
[LOG] SystemI::createSoundInternal             : exinfo->inclusionlist      = 0000004844DFF048
[LOG] SystemI::createSoundInternal             : exinfo->inclusionlistnum   = 1
[LOG] SystemI::createSoundInternal             : exinfo->suggestedsoundtype = 5
[LOG] SystemI::createSoundInternal             : exinfo->useropen           = 00007FF930873490
[LOG] SystemI::createSoundInternal             : exinfo->userclose          = 00007FF930873450
[LOG] SystemI::createSoundInternal             : exinfo->userread           = 00007FF930873570
[LOG] SystemI::createSoundInternal             : exinfo->userseek           = 00007FF930873630
[LOG] SystemI::createSoundInternal             : exinfo->fileuserdata       = 000001BD6EE03A58
[LOG] SystemI::createSoundInternal             : exinfo->initialseekpostype = 1
[LOG] SystemI::DSPCodecPoolRegister            : register codec pool for pool type 5
[LOG] SystemI::createSoundInternal             : Sample 0/1: name='BigSoapBubble_0', format=5, channels=2, frequency=48000, lengthbytes=1024, lengthpcm=5794, pcmblocksize=0, loopstart=0, loopend=0, mode=0x00000000, channelmask=0x00000000, channelorder=0, peakvolume=0.438836.
[LOG] SystemI::createSoundInternal             : Create name='', mode=0x02000202
[LOG] SystemI::createSoundInternal             : exinfo->cbsize             = 224
[LOG] SystemI::createSoundInternal             : exinfo->length             = 8747968
[LOG] SystemI::createSoundInternal             : exinfo->fileoffset         = 97984
[LOG] SystemI::createSoundInternal             : exinfo->numsubsounds       = 1
[LOG] SystemI::createSoundInternal             : exinfo->inclusionlist      = 0000004844DFF048
[LOG] SystemI::createSoundInternal             : exinfo->inclusionlistnum   = 1
[LOG] SystemI::createSoundInternal             : exinfo->suggestedsoundtype = 5
[LOG] SystemI::createSoundInternal             : exinfo->useropen           = 00007FF930873490
[LOG] SystemI::createSoundInternal             : exinfo->userclose          = 00007FF930873450
[LOG] SystemI::createSoundInternal             : exinfo->userread           = 00007FF930873570
[LOG] SystemI::createSoundInternal             : exinfo->userseek           = 00007FF930873630
[LOG] SystemI::createSoundInternal             : exinfo->fileuserdata       = 000001BD6EE03A58
[LOG] SystemI::createSoundInternal             : exinfo->initialseekpostype = 1
[LOG] SystemI::DSPCodecPoolRegister            : register codec pool for pool type 5
[LOG] SystemI::createSoundInternal             : Sample 0/1: name='Bullet_Bubble (1)', format=5, channels=2, frequency=48000, lengthbytes=1312, lengthpcm=62630, pcmblocksize=0, loopstart=0, loopend=0, mode=0x00000000, channelmask=0x00000000, channelorder=0, peakvolume=0.440668.
[LOG] SystemI::createSoundInternal             : Create name='', mode=0x02000202
[LOG] SystemI::createSoundInternal             : exinfo->cbsize             = 224
[LOG] SystemI::createSoundInternal             : exinfo->length             = 8747968
[LOG] SystemI::createSoundInternal             : exinfo->fileoffset         = 97984
[LOG] SystemI::createSoundInternal             : exinfo->numsubsounds       = 1
[LOG] SystemI::createSoundInternal             : exinfo->inclusionlist      = 0000004844DFF048
[LOG] SystemI::createSoundInternal             : exinfo->inclusionlistnum   = 1
[LOG] SystemI::createSoundInternal             : exinfo->suggestedsoundtype = 5
[LOG] SystemI::createSoundInternal             : exinfo->useropen           = 00007FF930873490
[LOG] SystemI::createSoundInternal             : exinfo->userclose          = 00007FF930873450
[LOG] SystemI::createSoundInternal             : exinfo->userread           = 00007FF930873570
[LOG] SystemI::createSoundInternal             : exinfo->userseek           = 00007FF930873630
[LOG] SystemI::createSoundInternal             : exinfo->fileuserdata       = 000001BD6EE03A58
[LOG] SystemI::createSoundInternal             : exinfo->initialseekpostype = 1
[LOG] SystemI::DSPCodecPoolRegister            : register codec pool for pool type 5
[LOG] SystemI::createSoundInternal             : Sample 0/1: name='BigSoapBubble_1', format=5, channels=2, frequency=48000, lengthbytes=1248, lengthpcm=4208, pcmblocksize=0, loopstart=0, loopend=0, mode=0x00000000, channelmask=0x00000000, channelorder=0, peakvolume=0.413252.
[LOG] SystemI::createSoundInternal             : Create name='', mode=0x02000202
[LOG] SystemI::createSoundInternal             : exinfo->cbsize             = 224
[LOG] SystemI::createSoundInternal             : exinfo->length             = 8747968
[LOG] SystemI::createSoundInternal             : exinfo->fileoffset         = 97984
[LOG] SystemI::createSoundInternal             : exinfo->numsubsounds       = 1
[LOG] SystemI::createSoundInternal             : exinfo->inclusionlist      = 0000004844DFF048
[LOG] SystemI::createSoundInternal             : exinfo->inclusionlistnum   = 1
[LOG] SystemI::createSoundInternal             : exinfo->suggestedsoundtype = 5
[LOG] SystemI::createSoundInternal             : exinfo->useropen           = 00007FF930873490
[LOG] SystemI::createSoundInternal             : exinfo->userclose          = 00007FF930873450
[LOG] SystemI::createSoundInternal             : exinfo->userread           = 00007FF930873570
[LOG] SystemI::createSoundInternal             : exinfo->userseek           = 00007FF930873630
[LOG] SystemI::createSoundInternal             : exinfo->fileuserdata       = 000001BD6EE03A58
[LOG] SystemI::createSoundInternal             : exinfo->initialseekpostype = 1
[LOG] SystemI::DSPCodecPoolRegister            : register codec pool for pool type 5
[LOG] SystemI::createSoundInternal             : Sample 0/1: name='Bullet_Bubble (2)', format=5, channels=2, frequency=48000, lengthbytes=1952, lengthpcm=55229, pcmblocksize=0, loopstart=0, loopend=0, mode=0x00000000, channelmask=0x00000000, channelorder=0, peakvolume=0.587776.
[LOG] SoundI::release                          :  (000001BE4611D9A8)
[LOG] SoundI::release                          :     SoapBubble_1 (000001BEC0770858)
[LOG] SoundI::release                          :  (000001BE4611C2A8)
[LOG] SoundI::release                          :     SoapBubble_0 (000001BEC07709F8)
[LOG] SoundI::release                          :  (000001BE46119618)
[LOG] SoundI::release                          :     BigSoapBubble_0 (000001BE468BAA48)
[LOG] SoundI::release                          :  (000001BE4611BA08)
[LOG] SoundI::release                          :     BigSoapBubble_1 (000001BE468BB0C8)
[LOG] SoundI::release                          :  (000001BE4611A8C8)
[LOG] SoundI::release                          :     Bullet_Bubble (1) (000001BE468BA708)
[LOG] SoundI::release                          :  (000001BE4611BB78)
[LOG] SoundI::release                          :     Bullet_Bubble (2) (000001BD656E3778)
[LOG] Thread::callback                         : FMOD Studio bank load thread finished.
[LOG] Thread::callback                         : FMOD Studio sample load thread finished.
[LOG] LiveUpdate::release                      : 
[LOG] LiveUpdate::reset                        : Reset connection (reason Disconnected)
[LOG] Thread::callback                         : FMOD stream thread finished.
[LOG] Thread::callback                         : FMOD mixer thread finished.
[LOG] SystemI::close                           : Closed.
