Using pre-set license
Built from '2021.3/staging' branch; Version is '2021.3.21f1 (1b156197d683) revision 1774945'; Using compiler version '192829333'; Build Type 'Release'
OS: 'Windows 10  (10.0.19044) 64bit Core' Language: 'ru' Physical Memory: 16309 MB
BatchMode: 1, IsHumanControllingUs: 0, StartBugReporterOnCrash: 0, Is64bit: 1, IsPro: 1

COMMAND LINE ARGUMENTS:
C:\Program Files\Unity\Hub\Editor\2021.3.21f1\Editor\Unity.exe
-adb2
-batchMode
-noUpm
-name
AssetImportWorker0
-projectPath
D:/GitHub/LastMeta
-logFile
Logs/AssetImportWorker0.log
-srvPort
50348
Successfully changed project path to: D:/GitHub/LastMeta
D:/GitHub/LastMeta
[UnityMemory] Configuration Parameters - Can be set up in boot.config
    "memorysetup-bucket-allocator-granularity=16"
    "memorysetup-bucket-allocator-bucket-count=8"
    "memorysetup-bucket-allocator-block-size=33554432"
    "memorysetup-bucket-allocator-block-count=8"
    "memorysetup-main-allocator-block-size=16777216"
    "memorysetup-thread-allocator-block-size=16777216"
    "memorysetup-gfx-main-allocator-block-size=16777216"
    "memorysetup-gfx-thread-allocator-block-size=16777216"
    "memorysetup-cache-allocator-block-size=4194304"
    "memorysetup-typetree-allocator-block-size=2097152"
    "memorysetup-profiler-bucket-allocator-granularity=16"
    "memorysetup-profiler-bucket-allocator-bucket-count=8"
    "memorysetup-profiler-bucket-allocator-block-size=33554432"
    "memorysetup-profiler-bucket-allocator-block-count=8"
    "memorysetup-profiler-allocator-block-size=16777216"
    "memorysetup-profiler-editor-allocator-block-size=1048576"
    "memorysetup-temp-allocator-size-main=16777216"
    "memorysetup-job-temp-allocator-block-size=2097152"
    "memorysetup-job-temp-allocator-block-size-background=1048576"
    "memorysetup-job-temp-allocator-reduction-small-platforms=262144"
    "memorysetup-temp-allocator-size-background-worker=32768"
    "memorysetup-temp-allocator-size-job-worker=262144"
    "memorysetup-temp-allocator-size-preload-manager=33554432"
    "memorysetup-temp-allocator-size-nav-mesh-worker=65536"
    "memorysetup-temp-allocator-size-audio-worker=65536"
    "memorysetup-temp-allocator-size-cloud-worker=32768"
    "memorysetup-temp-allocator-size-gi-baking-worker=262144"
    "memorysetup-temp-allocator-size-gfx=262144"
Player connection [34204] Host "[IP] 192.168.1.2 [Port] 0 [Flags] 2 [Guid] 2559181145 [EditorId] 2559181145 [Version] 1048832 [Id] WindowsEditor(7,DESKTOP-0310N26) [Debug] 1 [PackageName] WindowsEditor [ProjectName] Editor" joined multi-casting on [225.0.0.222:54997]...

Player connection [34204] Host "[IP] 192.168.1.2 [Port] 0 [Flags] 2 [Guid] 2559181145 [EditorId] 2559181145 [Version] 1048832 [Id] WindowsEditor(7,DESKTOP-0310N26) [Debug] 1 [PackageName] WindowsEditor [ProjectName] Editor" joined alternative multi-casting on [225.0.0.222:34997]...

Refreshing native plugins compatible for Editor in 82.34 ms, found 5 plugins.
Preloading 0 native plugins for Editor in 0.00 ms.
Initialize engine version: 2021.3.21f1 (1b156197d683)
[Subsystems] Discovering subsystems at path C:/Program Files/Unity/Hub/Editor/2021.3.21f1/Editor/Data/Resources/UnitySubsystems
[Subsystems] Discovering subsystems at path D:/GitHub/LastMeta/Assets
GfxDevice: creating device client; threaded=0; jobified=0
Direct3D:
    Version:  Direct3D 11.0 [level 11.1]
    Renderer: Radeon RX 570 Series (ID=0x67df)
    Vendor:   ATI
    VRAM:     8172 MB
    Driver:   26.20.13002.133
Initialize mono
Mono path[0] = 'C:/Program Files/Unity/Hub/Editor/2021.3.21f1/Editor/Data/Managed'
Mono path[1] = 'C:/Program Files/Unity/Hub/Editor/2021.3.21f1/Editor/Data/MonoBleedingEdge/lib/mono/unityjit-win32'
Mono config path = 'C:/Program Files/Unity/Hub/Editor/2021.3.21f1/Editor/Data/MonoBleedingEdge/etc'
Using monoOptions --debugger-agent=transport=dt_socket,embedding=1,server=y,suspend=n,address=127.0.0.1:56604
Begin MonoManager ReloadAssembly
Registering precompiled unity dll's ...
Register platform support module: C:/Program Files/Unity/Hub/Editor/2021.3.21f1/Editor/Data/PlaybackEngines/WindowsStandaloneSupport/UnityEditor.WindowsStandalone.Extensions.dll
Registered in 0.005705 seconds.
Native extension for WindowsStandalone target not found
Refreshing native plugins compatible for Editor in 68.83 ms, found 5 plugins.
Preloading 0 native plugins for Editor in 0.00 ms.
Mono: successfully reloaded assembly
- Completed reload, in  0.464 seconds
Domain Reload Profiling:
	ReloadAssembly (464ms)
		BeginReloadAssembly (67ms)
			ExecutionOrderSort (0ms)
			DisableScriptedObjects (0ms)
			BackupInstance (0ms)
			ReleaseScriptingObjects (0ms)
			CreateAndSetChildDomain (1ms)
		EndReloadAssembly (325ms)
			LoadAssemblies (66ms)
			RebuildTransferFunctionScriptingTraits (0ms)
			SetupTypeCache (66ms)
			ReleaseScriptCaches (0ms)
			RebuildScriptCaches (20ms)
			SetupLoadedEditorAssemblies (200ms)
				LogAssemblyErrors (0ms)
				InitializePlatformSupportModulesInManaged (6ms)
				SetLoadedEditorAssemblies (0ms)
				RefreshPlugins (69ms)
				BeforeProcessingInitializeOnLoad (1ms)
				ProcessInitializeOnLoadAttributes (92ms)
				ProcessInitializeOnLoadMethodAttributes (32ms)
				AfterProcessingInitializeOnLoad (0ms)
				EditorAssembliesLoaded (0ms)
			ExecutionOrderSort2 (0ms)
			AwakeInstancesAfterBackupRestoration (0ms)
Platform modules already initialized, skipping
Registering precompiled user dll's ...
Registered in 0.006885 seconds.
Begin MonoManager ReloadAssembly
Native extension for WindowsStandalone target not found
Refreshing native plugins compatible for Editor in 70.36 ms, found 5 plugins.
Preloading 0 native plugins for Editor in 0.00 ms.
Launched and connected shader compiler UnityShaderCompiler.exe after 0.04 seconds
Mono: successfully reloaded assembly
- Completed reload, in  1.532 seconds
Domain Reload Profiling:
	ReloadAssembly (1532ms)
		BeginReloadAssembly (89ms)
			ExecutionOrderSort (0ms)
			DisableScriptedObjects (5ms)
			BackupInstance (0ms)
			ReleaseScriptingObjects (0ms)
			CreateAndSetChildDomain (16ms)
		EndReloadAssembly (1368ms)
			LoadAssemblies (79ms)
			RebuildTransferFunctionScriptingTraits (0ms)
			SetupTypeCache (213ms)
			ReleaseScriptCaches (1ms)
			RebuildScriptCaches (56ms)
			SetupLoadedEditorAssemblies (994ms)
				LogAssemblyErrors (0ms)
				InitializePlatformSupportModulesInManaged (4ms)
				SetLoadedEditorAssemblies (0ms)
				RefreshPlugins (70ms)
				BeforeProcessingInitializeOnLoad (82ms)
				ProcessInitializeOnLoadAttributes (618ms)
				ProcessInitializeOnLoadMethodAttributes (212ms)
				AfterProcessingInitializeOnLoad (7ms)
				EditorAssembliesLoaded (0ms)
			ExecutionOrderSort2 (0ms)
			AwakeInstancesAfterBackupRestoration (4ms)
Platform modules already initialized, skipping
========================================================================
Worker process is ready to serve import requests
Refreshing native plugins compatible for Editor in 1.24 ms, found 5 plugins.
Preloading 0 native plugins for Editor in 0.00 ms.
Unloading 5408 Unused Serialized files (Serialized files now loaded: 0)
Unloading 253 unused Assets / (2.9 MB). Loaded Objects now: 5842.
Memory consumption went from 239.8 MB to 236.9 MB.
Total: 22.425400 ms (FindLiveObjects: 0.719000 ms CreateObjectMapping: 0.364700 ms MarkObjects: 20.336600 ms  DeleteObjects: 1.004000 ms)

AssetImportParameters requested are different than current active one (requested -> active):
  custom:video-decoder-ogg-theora: a1e56fd34408186e4bbccfd4996cb3dc -> 
  custom:container-muxer-webm: aa71ff27fc2769a1b78a27578f13a17b -> 
  custom:container-demuxer-webm: 4f35f7cbe854078d1ac9338744f61a02 -> 
  custom:video-encoder-webm-vp8: eb34c28f22e8b96e1ab97ce403110664 -> 
  custom:audio-encoder-webm-vorbis: bf7c407c2cedff20999df2af8eb42d56 -> 
  custom:framework-win-MediaFoundation: 216162199b28c13a410421893ffa2e32 -> 
  custom:container-demuxer-ogg: 62fdf1f143b41e24485cea50d1cbac27 -> 
  custom:video-decoder-webm-vp8: 9c59270c3fd7afecdb556c50c9e8de78 -> 
  custom:audio-decoder-ogg-vorbis: bf7c407c2cedff20999df2af8eb42d56 -> 
========================================================================
Received Import Request.
  Time since last request: 685789.074296 seconds.
  path: Assets/Plugins/FMOD/Resources/FMODStudioSettings.asset
  artifactKey: Guid(15abafca72f006f44915aa947897bd3c) Importer(815301076,1909f56bfc062723c751e8b465ee728b)
Start importing Assets/Plugins/FMOD/Resources/FMODStudioSettings.asset using Guid(15abafca72f006f44915aa947897bd3c) Importer(815301076,1909f56bfc062723c751e8b465ee728b) [FMOD] Cannot find integration settings, creating default settings
UnityEngine.StackTraceUtility:ExtractStackTrace ()
UnityEngine.DebugLogHandler:LogFormat (UnityEngine.LogType,UnityEngine.Object,string,object[])
UnityEngine.Logger:Log (UnityEngine.LogType,object)
UnityEngine.Debug:Log (object)
FMODUnity.RuntimeUtils:DebugLog (string) (at Assets/Plugins/FMOD/src/RuntimeUtils.cs:542)
FMODUnity.Settings:Initialize () (at Assets/Plugins/FMOD/src/Settings.cs:271)
FMODUnity.Settings:get_Instance () (at Assets/Plugins/FMOD/src/Settings.cs:255)
FMODUnity.EditorSettings:CanBuildTarget (UnityEditor.BuildTarget,FMODUnity.Platform/BinaryType,string&) (at Assets/Plugins/FMOD/src/Editor/EditorSettings.cs:444)
FMODUnity.EditorSettings:CheckActiveBuildTarget () (at Assets/Plugins/FMOD/src/Editor/EditorSettings.cs:662)
FMODUnity.Settings:OnEnable () (at Assets/Plugins/FMOD/src/Settings.cs:622)

(Filename: Assets/Plugins/FMOD/src/RuntimeUtils.cs Line: 542)

[FMOD] Cannot find properties for platform default, creating default properties
UnityEngine.StackTraceUtility:ExtractStackTrace ()
UnityEngine.DebugLogHandler:LogFormat (UnityEngine.LogType,UnityEngine.Object,string,object[])
UnityEngine.Logger:LogFormat (UnityEngine.LogType,string,object[])
UnityEngine.Debug:LogFormat (string,object[])
FMODUnity.RuntimeUtils:DebugLogFormat (string,object[]) (at Assets/Plugins/FMOD/src/RuntimeUtils.cs:550)
FMODUnity.EditorSettings:AffirmPlatformProperties (FMODUnity.Platform) (at Assets/Plugins/FMOD/src/Editor/EditorSettings.cs:429)
FMODUnity.EditorSettings:AddMissingPlatforms () (at Assets/Plugins/FMOD/src/Editor/EditorSettings.cs:179)
FMODUnity.Settings:OnEnable () (at Assets/Plugins/FMOD/src/Settings.cs:606)
UnityEngine.ScriptableObject:CreateInstance (System.Type)
UnityEngine.ScriptableObject:CreateInstance<FMODUnity.Settings> ()
FMODUnity.Settings:Initialize () (at Assets/Plugins/FMOD/src/Settings.cs:272)
FMODUnity.Settings:get_Instance () (at Assets/Plugins/FMOD/src/Settings.cs:255)
FMODUnity.EditorSettings:CanBuildTarget (UnityEditor.BuildTarget,FMODUnity.Platform/BinaryType,string&) (at Assets/Plugins/FMOD/src/Editor/EditorSettings.cs:444)
FMODUnity.EditorSettings:CheckActiveBuildTarget () (at Assets/Plugins/FMOD/src/Editor/EditorSettings.cs:662)
FMODUnity.Settings:OnEnable () (at Assets/Plugins/FMOD/src/Settings.cs:622)

(Filename: Assets/Plugins/FMOD/src/RuntimeUtils.cs Line: 550)

[FMOD] Cannot find properties for platform playInEditor, creating default properties
UnityEngine.StackTraceUtility:ExtractStackTrace ()
UnityEngine.DebugLogHandler:LogFormat (UnityEngine.LogType,UnityEngine.Object,string,object[])
UnityEngine.Logger:LogFormat (UnityEngine.LogType,string,object[])
UnityEngine.Debug:LogFormat (string,object[])
FMODUnity.RuntimeUtils:DebugLogFormat (string,object[]) (at Assets/Plugins/FMOD/src/RuntimeUtils.cs:550)
FMODUnity.EditorSettings:AffirmPlatformProperties (FMODUnity.Platform) (at Assets/Plugins/FMOD/src/Editor/EditorSettings.cs:429)
FMODUnity.EditorSettings:AddMissingPlatforms () (at Assets/Plugins/FMOD/src/Editor/EditorSettings.cs:180)
FMODUnity.Settings:OnEnable () (at Assets/Plugins/FMOD/src/Settings.cs:606)
UnityEngine.ScriptableObject:CreateInstance (System.Type)
UnityEngine.ScriptableObject:CreateInstance<FMODUnity.Settings> ()
FMODUnity.Settings:Initialize () (at Assets/Plugins/FMOD/src/Settings.cs:272)
FMODUnity.Settings:get_Instance () (at Assets/Plugins/FMOD/src/Settings.cs:255)
FMODUnity.EditorSettings:CanBuildTarget (UnityEditor.BuildTarget,FMODUnity.Platform/BinaryType,string&) (at Assets/Plugins/FMOD/src/Editor/EditorSettings.cs:444)
FMODUnity.EditorSettings:CheckActiveBuildTarget () (at Assets/Plugins/FMOD/src/Editor/EditorSettings.cs:662)
FMODUnity.Settings:OnEnable () (at Assets/Plugins/FMOD/src/Settings.cs:622)

(Filename: Assets/Plugins/FMOD/src/RuntimeUtils.cs Line: 550)

Settings instance has not been initialized. Unable to continue build.
UnityEngine.StackTraceUtility:ExtractStackTrace ()
UnityEngine.DebugLogHandler:LogFormat (UnityEngine.LogType,UnityEngine.Object,string,object[])
UnityEngine.Logger:Log (UnityEngine.LogType,object)
UnityEngine.Debug:LogWarning (object)
FMODUnity.RuntimeUtils:DebugLogWarning (string) (at Assets/Plugins/FMOD/src/RuntimeUtils.cs:558)
FMODUnity.EditorSettings:CheckActiveBuildTarget () (at Assets/Plugins/FMOD/src/Editor/EditorSettings.cs:664)
FMODUnity.Settings:OnEnable () (at Assets/Plugins/FMOD/src/Settings.cs:622)
UnityEngine.ScriptableObject:CreateInstance (System.Type)
UnityEngine.ScriptableObject:CreateInstance<FMODUnity.Settings> ()
FMODUnity.Settings:Initialize () (at Assets/Plugins/FMOD/src/Settings.cs:272)
FMODUnity.Settings:get_Instance () (at Assets/Plugins/FMOD/src/Settings.cs:255)
FMODUnity.EditorSettings:CanBuildTarget (UnityEditor.BuildTarget,FMODUnity.Platform/BinaryType,string&) (at Assets/Plugins/FMOD/src/Editor/EditorSettings.cs:444)
FMODUnity.EditorSettings:CheckActiveBuildTarget () (at Assets/Plugins/FMOD/src/Editor/EditorSettings.cs:662)
FMODUnity.Settings:OnEnable () (at Assets/Plugins/FMOD/src/Settings.cs:622)

(Filename: Assets/Plugins/FMOD/src/RuntimeUtils.cs Line: 558)

CreateSerializedAsset is not supported while importing out-of-process
UnityEngine.StackTraceUtility:ExtractStackTrace ()
FMODUnity.EditorSettings:CreateSettingsAsset (string) (at Assets/Plugins/FMOD/src/Editor/EditorSettings.cs:69)
FMODUnity.Settings:Initialize () (at Assets/Plugins/FMOD/src/Settings.cs:280)
FMODUnity.Settings:get_Instance () (at Assets/Plugins/FMOD/src/Settings.cs:255)
FMODUnity.EditorSettings:CanBuildTarget (UnityEditor.BuildTarget,FMODUnity.Platform/BinaryType,string&) (at Assets/Plugins/FMOD/src/Editor/EditorSettings.cs:444)
FMODUnity.EditorSettings:CheckActiveBuildTarget () (at Assets/Plugins/FMOD/src/Editor/EditorSettings.cs:662)
FMODUnity.Settings:OnEnable () (at Assets/Plugins/FMOD/src/Settings.cs:622)

[Assets/Plugins/FMOD/src/Editor/EditorSettings.cs line 69]

UnityException: Creating asset at path Assets/Plugins/FMOD/Resources/FMODStudioSettings.asset failed.
  at (wrapper managed-to-native) UnityEditor.AssetDatabase.CreateAsset(UnityEngine.Object,string)
  at FMODUnity.EditorSettings.CreateSettingsAsset (System.String assetName) [0x00030] in D:\GitHub\LastMeta\Assets\Plugins\FMOD\src\Editor\EditorSettings.cs:69 
  at FMODUnity.Settings.Initialize () [0x0008e] in D:\GitHub\LastMeta\Assets\Plugins\FMOD\src\Settings.cs:280 
  at FMODUnity.Settings.get_Instance () [0x0000f] in D:\GitHub\LastMeta\Assets\Plugins\FMOD\src\Settings.cs:255 
  at FMODUnity.EditorSettings.CanBuildTarget (UnityEditor.BuildTarget target, FMODUnity.Platform+BinaryType binaryType, System.String& error) [0x00001] in D:\GitHub\LastMeta\Assets\Plugins\FMOD\src\Editor\EditorSettings.cs:444 
  at FMODUnity.EditorSettings.CheckActiveBuildTarget () [0x00018] in D:\GitHub\LastMeta\Assets\Plugins\FMOD\src\Editor\EditorSettings.cs:662 
  at FMODUnity.Settings.OnEnable () [0x001a1] in D:\GitHub\LastMeta\Assets\Plugins\FMOD\src\Settings.cs:622 

(Filename: Assets/Plugins/FMOD/src/Editor/EditorSettings.cs Line: 69)

 -> (artifact id: 'd74b5e8ba67e33349013224c0e2f611f') in 0.050232 seconds 
========================================================================
Received Import Request.
  Time since last request: 16.901812 seconds.
  path: Assets/Plugins/FMOD/Resources/FMODStudioSettings.asset
  artifactKey: Guid(15abafca72f006f44915aa947897bd3c) Importer(815301076,1909f56bfc062723c751e8b465ee728b)
Start importing Assets/Plugins/FMOD/Resources/FMODStudioSettings.asset using Guid(15abafca72f006f44915aa947897bd3c) Importer(815301076,1909f56bfc062723c751e8b465ee728b) Settings instance has not been initialized. Unable to continue build.
UnityEngine.StackTraceUtility:ExtractStackTrace ()
UnityEngine.DebugLogHandler:LogFormat (UnityEngine.LogType,UnityEngine.Object,string,object[])
UnityEngine.Logger:Log (UnityEngine.LogType,object)
UnityEngine.Debug:LogWarning (object)
FMODUnity.RuntimeUtils:DebugLogWarning (string) (at Assets/Plugins/FMOD/src/RuntimeUtils.cs:558)
FMODUnity.EditorSettings:CheckActiveBuildTarget () (at Assets/Plugins/FMOD/src/Editor/EditorSettings.cs:664)
FMODUnity.Settings:OnEnable () (at Assets/Plugins/FMOD/src/Settings.cs:622)

(Filename: Assets/Plugins/FMOD/src/RuntimeUtils.cs Line: 558)

 -> (artifact id: '0b31be05e6cd9d95dd4df31f4ff5db83') in 0.003179 seconds 
========================================================================
Received Prepare
Registering precompiled user dll's ...
Registered in 0.006167 seconds.
Begin MonoManager ReloadAssembly
Native extension for WindowsStandalone target not found
Refreshing native plugins compatible for Editor in 1.12 ms, found 5 plugins.
Preloading 0 native plugins for Editor in 0.00 ms.
Warning: Annotation not found!
UnityEngine.StackTraceUtility:ExtractStackTrace ()
UnityEditor.ProBuilder.EditorUtility:SetGizmoIconEnabled (System.Type,bool) (at Library/PackageCache/com.unity.probuilder@5.0.3/Editor/EditorCore/EditorUtility.cs:575)
UnityEditor.ProBuilder.HierarchyListener:.cctor () (at Library/PackageCache/com.unity.probuilder@5.0.3/Editor/EditorCore/HierarchyListener.cs:21)
System.Runtime.CompilerServices.RuntimeHelpers:RunClassConstructor (System.RuntimeTypeHandle)
UnityEditor.EditorAssemblies:ProcessInitializeOnLoadAttributes (System.Type[])

[Library/PackageCache/com.unity.probuilder@5.0.3/Editor/EditorCore/EditorUtility.cs line 575]

ProPixelizerRenderer is missing RendererFeatures
This could be due to missing scripts or compile error.
UnityEngine.StackTraceUtility:ExtractStackTrace ()
UnityEngine.DebugLogHandler:LogFormat (UnityEngine.LogType,UnityEngine.Object,string,object[])
UnityEngine.Logger:Log (UnityEngine.LogType,object,UnityEngine.Object)
UnityEngine.Debug:LogError (object,UnityEngine.Object)
UnityEngine.Rendering.Universal.ScriptableRendererData:ValidateRendererFeatures () (at Library/PackageCache/com.unity.render-pipelines.universal@12.1.10/Runtime/ScriptableRendererData.cs:185)
UnityEngine.Rendering.Universal.ScriptableRendererData:OnValidate () (at Library/PackageCache/com.unity.render-pipelines.universal@12.1.10/Runtime/ScriptableRendererData.cs:80)
UnityEngine.Rendering.Universal.UniversalRendererData:OnValidate () (at Library/PackageCache/com.unity.render-pipelines.universal@12.1.10/Runtime/UniversalRendererData.cs:282)

(Filename: Library/PackageCache/com.unity.render-pipelines.universal@12.1.10/Runtime/ScriptableRendererData.cs Line: 185)

Mono: successfully reloaded assembly
- Completed reload, in  1.228 seconds
Domain Reload Profiling:
	ReloadAssembly (1228ms)
		BeginReloadAssembly (140ms)
			ExecutionOrderSort (0ms)
			DisableScriptedObjects (5ms)
			BackupInstance (0ms)
			ReleaseScriptingObjects (0ms)
			CreateAndSetChildDomain (55ms)
		EndReloadAssembly (1015ms)
			LoadAssemblies (79ms)
			RebuildTransferFunctionScriptingTraits (0ms)
			SetupTypeCache (210ms)
			ReleaseScriptCaches (1ms)
			RebuildScriptCaches (37ms)
			SetupLoadedEditorAssemblies (643ms)
				LogAssemblyErrors (0ms)
				InitializePlatformSupportModulesInManaged (4ms)
				SetLoadedEditorAssemblies (0ms)
				RefreshPlugins (1ms)
				BeforeProcessingInitializeOnLoad (61ms)
				ProcessInitializeOnLoadAttributes (412ms)
				ProcessInitializeOnLoadMethodAttributes (158ms)
				AfterProcessingInitializeOnLoad (6ms)
				EditorAssembliesLoaded (0ms)
			ExecutionOrderSort2 (0ms)
			AwakeInstancesAfterBackupRestoration (11ms)
Platform modules already initialized, skipping
Refreshing native plugins compatible for Editor in 5.33 ms, found 5 plugins.
Preloading 0 native plugins for Editor in 0.00 ms.
Unloading 5206 Unused Serialized files (Serialized files now loaded: 0)
Unloading 104 unused Assets / (3.0 MB). Loaded Objects now: 5857.
Memory consumption went from 228.8 MB to 225.8 MB.
Total: 14.097600 ms (FindLiveObjects: 0.292100 ms CreateObjectMapping: 0.111600 ms MarkObjects: 13.170400 ms  DeleteObjects: 0.523000 ms)

AssetImportParameters requested are different than current active one (requested -> active):
  custom:video-decoder-ogg-theora: a1e56fd34408186e4bbccfd4996cb3dc -> 
  custom:container-muxer-webm: aa71ff27fc2769a1b78a27578f13a17b -> 
  custom:container-demuxer-webm: 4f35f7cbe854078d1ac9338744f61a02 -> 
  custom:video-encoder-webm-vp8: eb34c28f22e8b96e1ab97ce403110664 -> 
  custom:audio-encoder-webm-vorbis: bf7c407c2cedff20999df2af8eb42d56 -> 
  custom:framework-win-MediaFoundation: 216162199b28c13a410421893ffa2e32 -> 
  custom:container-demuxer-ogg: 62fdf1f143b41e24485cea50d1cbac27 -> 
  custom:video-decoder-webm-vp8: 9c59270c3fd7afecdb556c50c9e8de78 -> 
  custom:audio-decoder-ogg-vorbis: bf7c407c2cedff20999df2af8eb42d56 -> 
